[15:59:17] [main/INFO]: Setting user: Player982
[15:59:18] [Client thread/INFO]: LWJGL Version: 2.9.1
[15:59:25] [Client thread/INFO]: Reloading ResourceManager: Default, FMLFileResourcePack:Forge Mod Loader, FMLFileResourcePack:Minecraft Forge, FMLFileResourcePack:Block Item Plus
[15:59:26] [Sound Library Loader/INFO]: Sound engine started
[15:59:26] [Client thread/INFO]: Created: 16x16 textures/blocks-atlas
[15:59:26] [Client thread/INFO]: Created: 16x16 textures/items-atlas
[15:59:26] [Client thread/INFO]: Reloading ResourceManager: Default, FMLFileResourcePack:Forge Mod Loader, FMLFileResourcePack:Minecraft Forge, FMLFileResourcePack:Block Item Plus
[15:59:26] [Client thread/INFO]: Created: 512x256 textures/blocks-atlas
[15:59:26] [Client thread/INFO]: Created: 256x256 textures/items-atlas
[15:59:27] [Sound Library Loader/INFO]: Sound engine started
[15:59:31] [Server thread/INFO]: Starting integrated minecraft server version 1.7.10
[15:59:31] [Server thread/INFO]: Generating keypair
[15:59:31] [Server thread/INFO]: Preparing start region for level 0
[15:59:32] [Server thread/INFO]: Changing view distance to 12, from 10
[15:59:33] [Server thread/INFO]: Player982[local:E:b0ded032] logged in with entity id 462 at (76.58230176395122, 63.0, 250.5369209139742)
[15:59:33] [Server thread/INFO]: Player982 joined the game
[15:59:39] [Server thread/INFO]: Player982 has just earned the achievement [Taking Inventory]
[15:59:39] [Client thread/INFO]: [CHAT] Player982 has just earned the achievement [Taking Inventory]
[15:59:40] [Client thread/INFO]: Warning: Clientside chunk ticking took 199 ms
[15:59:42] [Client thread/INFO]: Warning: Clientside chunk ticking took 126 ms
[15:59:45] [Server thread/INFO]: Saving and pausing game...
[15:59:45] [Server thread/INFO]: Saving chunks for level 'New World'/Overworld
[15:59:45] [Server thread/INFO]: Saving chunks for level 'New World'/Nether
[15:59:45] [Server thread/INFO]: Saving chunks for level 'New World'/The End
[15:59:45] [Server thread/INFO]: Stopping server
[15:59:45] [Server thread/INFO]: Saving players
[15:59:45] [Server thread/INFO]: Saving worlds
[15:59:45] [Server thread/INFO]: Saving chunks for level 'New World'/Overworld
[15:59:45] [Server thread/INFO]: Saving chunks for level 'New World'/Nether
[15:59:45] [Server thread/INFO]: Saving chunks for level 'New World'/The End
[15:59:46] [Client thread/INFO]: Stopping!
